
[2022, 5, 10, 20, 11, 16] ::: plugin.firenew.run(); 'int' object is not subscriptable
[2022, 5, 10, 20, 11, 16] ::: plugin.firenew.run(); File Closed Unexpectedly!
[2022, 5, 10, 20, 34, 30] ::: plugin.firenew.run(); File Closed Unexpectedly!
[2022, 5, 10, 20, 35, 17] ::: plugin.firenew.run(); 'int' object is not subscriptable
[2022, 5, 10, 20, 35, 17] ::: plugin.firenew.run(); File Closed Unexpectedly!
[2022, 5, 10, 20, 40, 17] ::: plugin.firenew.run(); 'int' object is not subscriptable
[2022, 5, 10, 20, 40, 18] ::: plugin.firenew.run(); File Closed Unexpectedly!
[2022, 5, 10, 20, 49, 2] ::: plugin.firenew.run(); File Closed Unexpectedly!
[2022, 5, 10, 20, 52, 5] ::: plugin.firenew.run(); 'int' object is not subscriptable
[2022, 5, 10, 20, 52, 5] ::: plugin.firenew.run(); File Closed Unexpectedly!
[2022, 5, 10, 20, 56, 48] ::: plugin.firenew.run(); 'int' object is not subscriptable
[2022, 5, 10, 20, 56, 48] ::: plugin.firenew.run(); File Closed Unexpectedly!
[2022, 5, 11, 8, 2, 4] ::: plugin.firenew.run(); 'int' object is not subscriptable
[2022, 5, 11, 8, 2, 4] ::: plugin.firenew.run(); File Closed Unexpectedly!
[2022, 5, 11, 8, 14, 13] ::: plugin.firenew.run(); 'int' object is not subscriptable
[2022, 5, 11, 8, 14, 13] ::: plugin.firenew.run(); File Closed Unexpectedly!
[2022, 5, 11, 8, 16, 54] ::: plugin.firenew.run(); File Closed Unexpectedly!
[2022, 5, 12, 13, 29, 59] ::: plugin.firenew.run(); 'int' object is not subscriptable
[2022, 5, 12, 13, 29, 59] ::: plugin.firenew.run(); File Closed Unexpectedly!
[2022, 5, 12, 13, 51, 13] ::: plugin.firenew.run(); 'int' object is not subscriptable
[2022, 5, 12, 13, 51, 13] ::: plugin.firenew.run(); File Closed Unexpectedly!
[2022, 5, 12, 22, 43, 25] ::: plugin.firenew.run(); 'int' object is not subscriptable
[2022, 5, 12, 22, 43, 25] ::: plugin.firenew.run(); File Closed Unexpectedly!