
[2022, 5, 11, 9, 46, 8] ::: plugin.blowingsnow.run(); module 'api.blowingsnow' has no attribute 'run'
[2022, 5, 11, 9, 46, 9] ::: plugin.blowingsnow.run(); File Closed Unexpectedly!
[2022, 5, 11, 9, 46, 9] ::: plugin.blowingsnow.run(); module 'api.blowingsnow' has no attribute 'run'
[2022, 5, 11, 9, 46, 9] ::: plugin.blowingsnow.run(); File Closed Unexpectedly!
[2022, 5, 11, 9, 46, 9] ::: plugin.blowingsnow.run(); module 'api.blowingsnow' has no attribute 'run'
[2022, 5, 11, 9, 46, 9] ::: plugin.blowingsnow.run(); File Closed Unexpectedly!
[2022, 5, 11, 9, 46, 9] ::: plugin.blowingsnow.run(); module 'api.blowingsnow' has no attribute 'run'
[2022, 5, 11, 9, 46, 10] ::: plugin.blowingsnow.run(); File Closed Unexpectedly!
[2022, 5, 11, 9, 46, 10] ::: plugin.blowingsnow.run(); module 'api.blowingsnow' has no attribute 'run'
[2022, 5, 11, 9, 46, 10] ::: plugin.blowingsnow.run(); File Closed Unexpectedly!
[2022, 5, 11, 9, 46, 10] ::: plugin.blowingsnow.run(); module 'api.blowingsnow' has no attribute 'run'
[2022, 5, 11, 9, 46, 10] ::: plugin.blowingsnow.run(); File Closed Unexpectedly!
[2022, 5, 11, 9, 46, 10] ::: plugin.blowingsnow.run(); module 'api.blowingsnow' has no attribute 'run'
[2022, 5, 11, 9, 46, 11] ::: plugin.blowingsnow.run(); File Closed Unexpectedly!
[2022, 5, 11, 9, 46, 11] ::: plugin.blowingsnow.run(); module 'api.blowingsnow' has no attribute 'run'
[2022, 5, 11, 9, 46, 11] ::: plugin.blowingsnow.run(); File Closed Unexpectedly!
[2022, 5, 11, 9, 46, 11] ::: plugin.blowingsnow.run(); module 'api.blowingsnow' has no attribute 'run'
[2022, 5, 11, 9, 46, 11] ::: plugin.blowingsnow.run(); File Closed Unexpectedly!
[2022, 5, 11, 9, 46, 11] ::: plugin.blowingsnow.run(); module 'api.blowingsnow' has no attribute 'run'
[2022, 5, 11, 9, 46, 11] ::: plugin.blowingsnow.run(); File Closed Unexpectedly!
[2022, 5, 11, 9, 46, 12] ::: plugin.blowingsnow.run(); module 'api.blowingsnow' has no attribute 'run'
[2022, 5, 11, 9, 46, 12] ::: plugin.blowingsnow.run(); File Closed Unexpectedly!
[2022, 5, 11, 9, 46, 12] ::: plugin.blowingsnow.run(); module 'api.blowingsnow' has no attribute 'run'
[2022, 5, 11, 9, 46, 12] ::: plugin.blowingsnow.run(); File Closed Unexpectedly!
[2022, 5, 11, 9, 46, 12] ::: plugin.blowingsnow.run(); module 'api.blowingsnow' has no attribute 'run'
[2022, 5, 11, 9, 46, 12] ::: plugin.blowingsnow.run(); File Closed Unexpectedly!
[2022, 5, 11, 9, 46, 12] ::: plugin.blowingsnow.run(); module 'api.blowingsnow' has no attribute 'run'
[2022, 5, 11, 9, 46, 13] ::: plugin.blowingsnow.run(); File Closed Unexpectedly!
[2022, 5, 11, 9, 46, 13] ::: plugin.blowingsnow.run(); module 'api.blowingsnow' has no attribute 'run'
[2022, 5, 11, 9, 46, 13] ::: plugin.blowingsnow.run(); File Closed Unexpectedly!
[2022, 5, 11, 9, 46, 13] ::: plugin.blowingsnow.run(); module 'api.blowingsnow' has no attribute 'run'
[2022, 5, 11, 9, 46, 13] ::: plugin.blowingsnow.run(); File Closed Unexpectedly!
[2022, 5, 11, 9, 46, 13] ::: plugin.blowingsnow.run(); module 'api.blowingsnow' has no attribute 'run'
[2022, 5, 11, 9, 46, 13] ::: plugin.blowingsnow.run(); File Closed Unexpectedly!
[2022, 5, 11, 9, 46, 14] ::: plugin.blowingsnow.run(); module 'api.blowingsnow' has no attribute 'run'
[2022, 5, 11, 9, 46, 14] ::: plugin.blowingsnow.run(); File Closed Unexpectedly!
[2022, 5, 11, 9, 46, 14] ::: plugin.blowingsnow.run(); module 'api.blowingsnow' has no attribute 'run'
[2022, 5, 11, 9, 46, 14] ::: plugin.blowingsnow.run(); File Closed Unexpectedly!
[2022, 5, 11, 9, 46, 14] ::: plugin.blowingsnow.run(); module 'api.blowingsnow' has no attribute 'run'
[2022, 5, 11, 9, 46, 14] ::: plugin.blowingsnow.run(); File Closed Unexpectedly!
[2022, 5, 11, 9, 46, 15] ::: plugin.blowingsnow.run(); module 'api.blowingsnow' has no attribute 'run'
[2022, 5, 11, 9, 46, 15] ::: plugin.blowingsnow.run(); File Closed Unexpectedly!
[2022, 5, 11, 9, 46, 15] ::: plugin.blowingsnow.run(); module 'api.blowingsnow' has no attribute 'run'
[2022, 5, 11, 9, 46, 15] ::: plugin.blowingsnow.run(); File Closed Unexpectedly!
[2022, 5, 11, 9, 46, 15] ::: plugin.blowingsnow.run(); module 'api.blowingsnow' has no attribute 'run'
[2022, 5, 11, 9, 46, 15] ::: plugin.blowingsnow.run(); File Closed Unexpectedly!
[2022, 5, 11, 9, 46, 15] ::: plugin.blowingsnow.run(); module 'api.blowingsnow' has no attribute 'run'
[2022, 5, 11, 9, 46, 16] ::: plugin.blowingsnow.run(); File Closed Unexpectedly!
[2022, 5, 11, 9, 46, 16] ::: plugin.blowingsnow.run(); module 'api.blowingsnow' has no attribute 'run'
[2022, 5, 11, 9, 46, 16] ::: plugin.blowingsnow.run(); File Closed Unexpectedly!
[2022, 5, 11, 9, 46, 16] ::: plugin.blowingsnow.run(); module 'api.blowingsnow' has no attribute 'run'
[2022, 5, 11, 9, 46, 16] ::: plugin.blowingsnow.run(); File Closed Unexpectedly!
[2022, 5, 11, 9, 46, 16] ::: plugin.blowingsnow.run(); module 'api.blowingsnow' has no attribute 'run'
[2022, 5, 11, 9, 46, 16] ::: plugin.blowingsnow.run(); File Closed Unexpectedly!
[2022, 5, 11, 9, 46, 17] ::: plugin.blowingsnow.run(); module 'api.blowingsnow' has no attribute 'run'
[2022, 5, 11, 9, 46, 17] ::: plugin.blowingsnow.run(); File Closed Unexpectedly!
[2022, 5, 11, 9, 46, 17] ::: plugin.blowingsnow.run(); module 'api.blowingsnow' has no attribute 'run'
[2022, 5, 11, 9, 46, 17] ::: plugin.blowingsnow.run(); File Closed Unexpectedly!
[2022, 5, 11, 9, 46, 17] ::: plugin.blowingsnow.run(); module 'api.blowingsnow' has no attribute 'run'
[2022, 5, 11, 9, 46, 17] ::: plugin.blowingsnow.run(); File Closed Unexpectedly!
[2022, 5, 11, 9, 46, 17] ::: plugin.blowingsnow.run(); module 'api.blowingsnow' has no attribute 'run'
[2022, 5, 11, 9, 46, 18] ::: plugin.blowingsnow.run(); File Closed Unexpectedly!
[2022, 5, 11, 9, 46, 18] ::: plugin.blowingsnow.run(); module 'api.blowingsnow' has no attribute 'run'
[2022, 5, 11, 9, 46, 18] ::: plugin.blowingsnow.run(); File Closed Unexpectedly!
[2022, 5, 11, 9, 46, 18] ::: plugin.blowingsnow.run(); module 'api.blowingsnow' has no attribute 'run'
[2022, 5, 11, 9, 46, 18] ::: plugin.blowingsnow.run(); File Closed Unexpectedly!
[2022, 5, 11, 9, 46, 18] ::: plugin.blowingsnow.run(); module 'api.blowingsnow' has no attribute 'run'
[2022, 5, 11, 9, 46, 18] ::: plugin.blowingsnow.run(); File Closed Unexpectedly!
[2022, 5, 11, 9, 46, 18] ::: plugin.blowingsnow.run(); module 'api.blowingsnow' has no attribute 'run'
[2022, 5, 11, 9, 46, 19] ::: plugin.blowingsnow.run(); File Closed Unexpectedly!
[2022, 5, 11, 9, 46, 19] ::: plugin.blowingsnow.run(); module 'api.blowingsnow' has no attribute 'run'
[2022, 5, 11, 9, 46, 19] ::: plugin.blowingsnow.run(); File Closed Unexpectedly!
[2022, 5, 11, 9, 46, 19] ::: plugin.blowingsnow.run(); module 'api.blowingsnow' has no attribute 'run'
[2022, 5, 11, 9, 46, 19] ::: plugin.blowingsnow.run(); File Closed Unexpectedly!
[2022, 5, 11, 9, 46, 19] ::: plugin.blowingsnow.run(); module 'api.blowingsnow' has no attribute 'run'
[2022, 5, 11, 9, 46, 19] ::: plugin.blowingsnow.run(); File Closed Unexpectedly!
[2022, 5, 11, 9, 46, 19] ::: plugin.blowingsnow.run(); module 'api.blowingsnow' has no attribute 'run'
[2022, 5, 11, 9, 46, 20] ::: plugin.blowingsnow.run(); File Closed Unexpectedly!
[2022, 5, 11, 9, 46, 20] ::: plugin.blowingsnow.run(); module 'api.blowingsnow' has no attribute 'run'
[2022, 5, 11, 9, 46, 20] ::: plugin.blowingsnow.run(); File Closed Unexpectedly!
[2022, 5, 11, 9, 46, 20] ::: plugin.blowingsnow.run(); module 'api.blowingsnow' has no attribute 'run'
[2022, 5, 11, 9, 46, 20] ::: plugin.blowingsnow.run(); File Closed Unexpectedly!
[2022, 5, 11, 9, 46, 21] ::: plugin.blowingsnow.run(); module 'api.blowingsnow' has no attribute 'run'
[2022, 5, 11, 9, 46, 21] ::: plugin.blowingsnow.run(); File Closed Unexpectedly!
[2022, 5, 11, 9, 46, 21] ::: plugin.blowingsnow.run(); module 'api.blowingsnow' has no attribute 'run'
[2022, 5, 11, 9, 46, 21] ::: plugin.blowingsnow.run(); File Closed Unexpectedly!
[2022, 5, 11, 9, 46, 21] ::: plugin.blowingsnow.run(); module 'api.blowingsnow' has no attribute 'run'
[2022, 5, 11, 9, 46, 21] ::: plugin.blowingsnow.run(); File Closed Unexpectedly!
[2022, 5, 11, 9, 46, 21] ::: plugin.blowingsnow.run(); module 'api.blowingsnow' has no attribute 'run'
[2022, 5, 11, 9, 46, 22] ::: plugin.blowingsnow.run(); File Closed Unexpectedly!
[2022, 5, 11, 9, 46, 22] ::: plugin.blowingsnow.run(); module 'api.blowingsnow' has no attribute 'run'
[2022, 5, 11, 9, 46, 22] ::: plugin.blowingsnow.run(); File Closed Unexpectedly!
[2022, 5, 11, 9, 46, 22] ::: plugin.blowingsnow.run(); module 'api.blowingsnow' has no attribute 'run'
[2022, 5, 11, 9, 46, 22] ::: plugin.blowingsnow.run(); File Closed Unexpectedly!
[2022, 5, 11, 9, 46, 22] ::: plugin.blowingsnow.run(); module 'api.blowingsnow' has no attribute 'run'
[2022, 5, 11, 9, 46, 23] ::: plugin.blowingsnow.run(); File Closed Unexpectedly!
[2022, 5, 11, 9, 46, 23] ::: plugin.blowingsnow.run(); module 'api.blowingsnow' has no attribute 'run'
[2022, 5, 11, 9, 46, 23] ::: plugin.blowingsnow.run(); File Closed Unexpectedly!
[2022, 5, 11, 9, 46, 23] ::: plugin.blowingsnow.run(); module 'api.blowingsnow' has no attribute 'run'
[2022, 5, 11, 9, 46, 23] ::: plugin.blowingsnow.run(); File Closed Unexpectedly!
[2022, 5, 11, 9, 46, 23] ::: plugin.blowingsnow.run(); module 'api.blowingsnow' has no attribute 'run'
[2022, 5, 11, 9, 46, 24] ::: plugin.blowingsnow.run(); File Closed Unexpectedly!
[2022, 5, 11, 9, 46, 24] ::: plugin.blowingsnow.run(); module 'api.blowingsnow' has no attribute 'run'
[2022, 5, 11, 9, 46, 24] ::: plugin.blowingsnow.run(); File Closed Unexpectedly!
[2022, 5, 11, 9, 46, 24] ::: plugin.blowingsnow.run(); module 'api.blowingsnow' has no attribute 'run'
[2022, 5, 11, 9, 46, 24] ::: plugin.blowingsnow.run(); File Closed Unexpectedly!
[2022, 5, 11, 9, 46, 24] ::: plugin.blowingsnow.run(); module 'api.blowingsnow' has no attribute 'run'
[2022, 5, 11, 9, 46, 24] ::: plugin.blowingsnow.run(); File Closed Unexpectedly!
[2022, 5, 11, 9, 46, 25] ::: plugin.blowingsnow.run(); module 'api.blowingsnow' has no attribute 'run'
[2022, 5, 11, 9, 46, 25] ::: plugin.blowingsnow.run(); File Closed Unexpectedly!
[2022, 5, 11, 9, 46, 25] ::: plugin.blowingsnow.run(); module 'api.blowingsnow' has no attribute 'run'
[2022, 5, 11, 9, 46, 25] ::: plugin.blowingsnow.run(); File Closed Unexpectedly!
[2022, 5, 11, 9, 46, 25] ::: plugin.blowingsnow.run(); module 'api.blowingsnow' has no attribute 'run'
[2022, 5, 11, 9, 46, 25] ::: plugin.blowingsnow.run(); File Closed Unexpectedly!
[2022, 5, 11, 9, 46, 26] ::: plugin.blowingsnow.run(); module 'api.blowingsnow' has no attribute 'run'
[2022, 5, 11, 9, 46, 26] ::: plugin.blowingsnow.run(); File Closed Unexpectedly!
[2022, 5, 11, 9, 46, 26] ::: plugin.blowingsnow.run(); module 'api.blowingsnow' has no attribute 'run'
[2022, 5, 11, 9, 46, 26] ::: plugin.blowingsnow.run(); File Closed Unexpectedly!
[2022, 5, 11, 9, 46, 26] ::: plugin.blowingsnow.run(); module 'api.blowingsnow' has no attribute 'run'
[2022, 5, 11, 9, 46, 26] ::: plugin.blowingsnow.run(); File Closed Unexpectedly!
[2022, 5, 11, 9, 46, 27] ::: plugin.blowingsnow.run(); module 'api.blowingsnow' has no attribute 'run'
[2022, 5, 11, 9, 46, 27] ::: plugin.blowingsnow.run(); File Closed Unexpectedly!
[2022, 5, 11, 9, 46, 27] ::: plugin.blowingsnow.run(); module 'api.blowingsnow' has no attribute 'run'
[2022, 5, 11, 9, 46, 27] ::: plugin.blowingsnow.run(); File Closed Unexpectedly!
[2022, 5, 11, 9, 46, 27] ::: plugin.blowingsnow.run(); module 'api.blowingsnow' has no attribute 'run'
[2022, 5, 11, 9, 46, 27] ::: plugin.blowingsnow.run(); File Closed Unexpectedly!
[2022, 5, 11, 9, 46, 27] ::: plugin.blowingsnow.run(); module 'api.blowingsnow' has no attribute 'run'
[2022, 5, 11, 9, 46, 28] ::: plugin.blowingsnow.run(); File Closed Unexpectedly!
[2022, 5, 11, 9, 46, 28] ::: plugin.blowingsnow.run(); module 'api.blowingsnow' has no attribute 'run'
[2022, 5, 11, 9, 46, 28] ::: plugin.blowingsnow.run(); File Closed Unexpectedly!
[2022, 5, 11, 9, 46, 28] ::: plugin.blowingsnow.run(); module 'api.blowingsnow' has no attribute 'run'
[2022, 5, 11, 9, 46, 28] ::: plugin.blowingsnow.run(); File Closed Unexpectedly!
[2022, 5, 11, 9, 46, 28] ::: plugin.blowingsnow.run(); module 'api.blowingsnow' has no attribute 'run'
[2022, 5, 11, 9, 46, 28] ::: plugin.blowingsnow.run(); File Closed Unexpectedly!
[2022, 5, 11, 9, 46, 29] ::: plugin.blowingsnow.run(); module 'api.blowingsnow' has no attribute 'run'
[2022, 5, 11, 9, 46, 29] ::: plugin.blowingsnow.run(); File Closed Unexpectedly!
[2022, 5, 11, 9, 46, 29] ::: plugin.blowingsnow.run(); module 'api.blowingsnow' has no attribute 'run'
[2022, 5, 11, 9, 46, 29] ::: plugin.blowingsnow.run(); File Closed Unexpectedly!
[2022, 5, 11, 9, 46, 29] ::: plugin.blowingsnow.run(); module 'api.blowingsnow' has no attribute 'run'
[2022, 5, 11, 9, 46, 29] ::: plugin.blowingsnow.run(); File Closed Unexpectedly!
[2022, 5, 11, 9, 46, 29] ::: plugin.blowingsnow.run(); module 'api.blowingsnow' has no attribute 'run'
[2022, 5, 11, 9, 46, 30] ::: plugin.blowingsnow.run(); File Closed Unexpectedly!
[2022, 5, 11, 9, 46, 30] ::: plugin.blowingsnow.run(); module 'api.blowingsnow' has no attribute 'run'
[2022, 5, 11, 9, 46, 30] ::: plugin.blowingsnow.run(); File Closed Unexpectedly!
[2022, 5, 11, 9, 46, 30] ::: plugin.blowingsnow.run(); module 'api.blowingsnow' has no attribute 'run'
[2022, 5, 11, 9, 46, 30] ::: plugin.blowingsnow.run(); File Closed Unexpectedly!
[2022, 5, 11, 9, 46, 30] ::: plugin.blowingsnow.run(); module 'api.blowingsnow' has no attribute 'run'
[2022, 5, 11, 9, 46, 31] ::: plugin.blowingsnow.run(); File Closed Unexpectedly!
[2022, 5, 11, 9, 46, 31] ::: plugin.blowingsnow.run(); module 'api.blowingsnow' has no attribute 'run'
[2022, 5, 11, 9, 46, 31] ::: plugin.blowingsnow.run(); File Closed Unexpectedly!
[2022, 5, 11, 9, 46, 31] ::: plugin.blowingsnow.run(); module 'api.blowingsnow' has no attribute 'run'
[2022, 5, 11, 9, 46, 31] ::: plugin.blowingsnow.run(); File Closed Unexpectedly!
[2022, 5, 11, 9, 46, 31] ::: plugin.blowingsnow.run(); module 'api.blowingsnow' has no attribute 'run'
[2022, 5, 11, 9, 46, 31] ::: plugin.blowingsnow.run(); File Closed Unexpectedly!
[2022, 5, 11, 9, 46, 32] ::: plugin.blowingsnow.run(); module 'api.blowingsnow' has no attribute 'run'
[2022, 5, 11, 9, 46, 32] ::: plugin.blowingsnow.run(); File Closed Unexpectedly!
[2022, 5, 11, 9, 46, 32] ::: plugin.blowingsnow.run(); module 'api.blowingsnow' has no attribute 'run'
[2022, 5, 11, 9, 46, 32] ::: plugin.blowingsnow.run(); File Closed Unexpectedly!
[2022, 5, 11, 9, 46, 32] ::: plugin.blowingsnow.run(); module 'api.blowingsnow' has no attribute 'run'
[2022, 5, 11, 9, 46, 32] ::: plugin.blowingsnow.run(); File Closed Unexpectedly!
[2022, 5, 11, 9, 46, 32] ::: plugin.blowingsnow.run(); module 'api.blowingsnow' has no attribute 'run'
[2022, 5, 11, 9, 46, 33] ::: plugin.blowingsnow.run(); File Closed Unexpectedly!
[2022, 5, 11, 9, 46, 33] ::: plugin.blowingsnow.run(); module 'api.blowingsnow' has no attribute 'run'
[2022, 5, 11, 9, 46, 33] ::: plugin.blowingsnow.run(); File Closed Unexpectedly!
[2022, 5, 11, 9, 46, 33] ::: plugin.blowingsnow.run(); module 'api.blowingsnow' has no attribute 'run'
[2022, 5, 11, 9, 46, 33] ::: plugin.blowingsnow.run(); File Closed Unexpectedly!
[2022, 5, 11, 9, 46, 33] ::: plugin.blowingsnow.run(); module 'api.blowingsnow' has no attribute 'run'
[2022, 5, 11, 9, 46, 33] ::: plugin.blowingsnow.run(); File Closed Unexpectedly!
[2022, 5, 11, 9, 46, 34] ::: plugin.blowingsnow.run(); module 'api.blowingsnow' has no attribute 'run'
[2022, 5, 11, 9, 46, 34] ::: plugin.blowingsnow.run(); File Closed Unexpectedly!
[2022, 5, 11, 9, 46, 34] ::: plugin.blowingsnow.run(); module 'api.blowingsnow' has no attribute 'run'
[2022, 5, 11, 9, 46, 34] ::: plugin.blowingsnow.run(); File Closed Unexpectedly!
[2022, 5, 11, 9, 46, 34] ::: plugin.blowingsnow.run(); module 'api.blowingsnow' has no attribute 'run'
[2022, 5, 11, 9, 46, 34] ::: plugin.blowingsnow.run(); File Closed Unexpectedly!
[2022, 5, 11, 9, 46, 35] ::: plugin.blowingsnow.run(); module 'api.blowingsnow' has no attribute 'run'
[2022, 5, 11, 9, 46, 35] ::: plugin.blowingsnow.run(); File Closed Unexpectedly!
[2022, 5, 11, 9, 46, 35] ::: plugin.blowingsnow.run(); module 'api.blowingsnow' has no attribute 'run'
[2022, 5, 11, 9, 46, 35] ::: plugin.blowingsnow.run(); File Closed Unexpectedly!
[2022, 5, 11, 9, 46, 35] ::: plugin.blowingsnow.run(); module 'api.blowingsnow' has no attribute 'run'
[2022, 5, 11, 9, 46, 35] ::: plugin.blowingsnow.run(); File Closed Unexpectedly!
[2022, 5, 11, 9, 46, 35] ::: plugin.blowingsnow.run(); module 'api.blowingsnow' has no attribute 'run'
[2022, 5, 11, 9, 46, 36] ::: plugin.blowingsnow.run(); File Closed Unexpectedly!
[2022, 5, 11, 9, 46, 36] ::: plugin.blowingsnow.run(); module 'api.blowingsnow' has no attribute 'run'
[2022, 5, 11, 9, 46, 36] ::: plugin.blowingsnow.run(); File Closed Unexpectedly!
[2022, 5, 11, 9, 46, 36] ::: plugin.blowingsnow.run(); module 'api.blowingsnow' has no attribute 'run'
[2022, 5, 11, 9, 46, 36] ::: plugin.blowingsnow.run(); File Closed Unexpectedly!
[2022, 5, 11, 9, 46, 36] ::: plugin.blowingsnow.run(); module 'api.blowingsnow' has no attribute 'run'
[2022, 5, 11, 9, 46, 36] ::: plugin.blowingsnow.run(); File Closed Unexpectedly!
[2022, 5, 11, 9, 46, 36] ::: plugin.blowingsnow.run(); module 'api.blowingsnow' has no attribute 'run'
[2022, 5, 11, 9, 46, 37] ::: plugin.blowingsnow.run(); File Closed Unexpectedly!
[2022, 5, 11, 9, 46, 37] ::: plugin.blowingsnow.run(); module 'api.blowingsnow' has no attribute 'run'
[2022, 5, 11, 9, 46, 37] ::: plugin.blowingsnow.run(); File Closed Unexpectedly!
[2022, 5, 11, 9, 46, 37] ::: plugin.blowingsnow.run(); module 'api.blowingsnow' has no attribute 'run'
[2022, 5, 11, 9, 46, 37] ::: plugin.blowingsnow.run(); File Closed Unexpectedly!
[2022, 5, 11, 9, 46, 38] ::: plugin.blowingsnow.run(); module 'api.blowingsnow' has no attribute 'run'
[2022, 5, 11, 9, 46, 38] ::: plugin.blowingsnow.run(); File Closed Unexpectedly!
[2022, 5, 11, 9, 46, 38] ::: plugin.blowingsnow.run(); module 'api.blowingsnow' has no attribute 'run'
[2022, 5, 11, 9, 46, 38] ::: plugin.blowingsnow.run(); File Closed Unexpectedly!
[2022, 5, 11, 9, 46, 38] ::: plugin.blowingsnow.run(); module 'api.blowingsnow' has no attribute 'run'
[2022, 5, 11, 9, 46, 38] ::: plugin.blowingsnow.run(); File Closed Unexpectedly!
[2022, 5, 11, 9, 46, 39] ::: plugin.blowingsnow.run(); module 'api.blowingsnow' has no attribute 'run'
[2022, 5, 11, 9, 46, 39] ::: plugin.blowingsnow.run(); File Closed Unexpectedly!
[2022, 5, 11, 9, 46, 39] ::: plugin.blowingsnow.run(); module 'api.blowingsnow' has no attribute 'run'
[2022, 5, 11, 9, 46, 39] ::: plugin.blowingsnow.run(); File Closed Unexpectedly!
[2022, 5, 11, 9, 46, 39] ::: plugin.blowingsnow.run(); module 'api.blowingsnow' has no attribute 'run'
[2022, 5, 11, 9, 46, 39] ::: plugin.blowingsnow.run(); File Closed Unexpectedly!
[2022, 5, 11, 9, 46, 39] ::: plugin.blowingsnow.run(); module 'api.blowingsnow' has no attribute 'run'
[2022, 5, 11, 9, 46, 39] ::: plugin.blowingsnow.run(); File Closed Unexpectedly!
[2022, 5, 11, 9, 46, 40] ::: plugin.blowingsnow.run(); module 'api.blowingsnow' has no attribute 'run'
[2022, 5, 11, 9, 46, 40] ::: plugin.blowingsnow.run(); File Closed Unexpectedly!
[2022, 5, 11, 9, 46, 40] ::: plugin.blowingsnow.run(); module 'api.blowingsnow' has no attribute 'run'
[2022, 5, 11, 9, 46, 40] ::: plugin.blowingsnow.run(); File Closed Unexpectedly!
[2022, 5, 11, 9, 46, 40] ::: plugin.blowingsnow.run(); module 'api.blowingsnow' has no attribute 'run'
[2022, 5, 11, 9, 46, 41] ::: plugin.blowingsnow.run(); File Closed Unexpectedly!
[2022, 5, 11, 9, 46, 41] ::: plugin.blowingsnow.run(); module 'api.blowingsnow' has no attribute 'run'
[2022, 5, 11, 9, 46, 41] ::: plugin.blowingsnow.run(); File Closed Unexpectedly!
[2022, 5, 11, 9, 46, 41] ::: plugin.blowingsnow.run(); module 'api.blowingsnow' has no attribute 'run'
[2022, 5, 11, 9, 46, 41] ::: plugin.blowingsnow.run(); File Closed Unexpectedly!
[2022, 5, 11, 9, 46, 41] ::: plugin.blowingsnow.run(); module 'api.blowingsnow' has no attribute 'run'
[2022, 5, 11, 9, 46, 41] ::: plugin.blowingsnow.run(); File Closed Unexpectedly!
[2022, 5, 11, 9, 46, 42] ::: plugin.blowingsnow.run(); module 'api.blowingsnow' has no attribute 'run'
[2022, 5, 11, 9, 46, 42] ::: plugin.blowingsnow.run(); File Closed Unexpectedly!
[2022, 5, 11, 9, 46, 42] ::: plugin.blowingsnow.run(); module 'api.blowingsnow' has no attribute 'run'
[2022, 5, 11, 9, 46, 42] ::: plugin.blowingsnow.run(); File Closed Unexpectedly!
[2022, 5, 11, 9, 46, 42] ::: plugin.blowingsnow.run(); module 'api.blowingsnow' has no attribute 'run'
[2022, 5, 11, 9, 46, 42] ::: plugin.blowingsnow.run(); File Closed Unexpectedly!
[2022, 5, 11, 9, 46, 43] ::: plugin.blowingsnow.run(); module 'api.blowingsnow' has no attribute 'run'
[2022, 5, 11, 9, 46, 43] ::: plugin.blowingsnow.run(); File Closed Unexpectedly!
[2022, 5, 11, 9, 46, 43] ::: plugin.blowingsnow.run(); module 'api.blowingsnow' has no attribute 'run'
[2022, 5, 11, 9, 46, 43] ::: plugin.blowingsnow.run(); File Closed Unexpectedly!
[2022, 5, 11, 9, 46, 43] ::: plugin.blowingsnow.run(); module 'api.blowingsnow' has no attribute 'run'
[2022, 5, 11, 9, 46, 43] ::: plugin.blowingsnow.run(); File Closed Unexpectedly!
[2022, 5, 11, 9, 46, 44] ::: plugin.blowingsnow.run(); module 'api.blowingsnow' has no attribute 'run'
[2022, 5, 11, 9, 46, 44] ::: plugin.blowingsnow.run(); File Closed Unexpectedly!
[2022, 5, 11, 9, 46, 44] ::: plugin.blowingsnow.run(); module 'api.blowingsnow' has no attribute 'run'
[2022, 5, 11, 9, 46, 44] ::: plugin.blowingsnow.run(); File Closed Unexpectedly!
[2022, 5, 11, 9, 46, 44] ::: plugin.blowingsnow.run(); module 'api.blowingsnow' has no attribute 'run'
[2022, 5, 11, 9, 46, 44] ::: plugin.blowingsnow.run(); File Closed Unexpectedly!
[2022, 5, 11, 9, 46, 44] ::: plugin.blowingsnow.run(); module 'api.blowingsnow' has no attribute 'run'
[2022, 5, 11, 9, 46, 45] ::: plugin.blowingsnow.run(); File Closed Unexpectedly!
[2022, 5, 11, 9, 46, 45] ::: plugin.blowingsnow.run(); module 'api.blowingsnow' has no attribute 'run'
[2022, 5, 11, 9, 46, 45] ::: plugin.blowingsnow.run(); File Closed Unexpectedly!
[2022, 5, 11, 9, 46, 45] ::: plugin.blowingsnow.run(); module 'api.blowingsnow' has no attribute 'run'
[2022, 5, 11, 9, 46, 45] ::: plugin.blowingsnow.run(); File Closed Unexpectedly!
[2022, 5, 11, 9, 46, 45] ::: plugin.blowingsnow.run(); module 'api.blowingsnow' has no attribute 'run'
[2022, 5, 11, 9, 46, 46] ::: plugin.blowingsnow.run(); File Closed Unexpectedly!
[2022, 5, 11, 9, 46, 46] ::: plugin.blowingsnow.run(); module 'api.blowingsnow' has no attribute 'run'
[2022, 5, 11, 9, 46, 46] ::: plugin.blowingsnow.run(); File Closed Unexpectedly!
[2022, 5, 11, 9, 46, 46] ::: plugin.blowingsnow.run(); module 'api.blowingsnow' has no attribute 'run'
[2022, 5, 11, 9, 46, 46] ::: plugin.blowingsnow.run(); File Closed Unexpectedly!
[2022, 5, 11, 9, 46, 47] ::: plugin.blowingsnow.run(); module 'api.blowingsnow' has no attribute 'run'
[2022, 5, 11, 9, 46, 47] ::: plugin.blowingsnow.run(); File Closed Unexpectedly!
[2022, 5, 11, 9, 46, 47] ::: plugin.blowingsnow.run(); module 'api.blowingsnow' has no attribute 'run'
[2022, 5, 11, 9, 46, 47] ::: plugin.blowingsnow.run(); File Closed Unexpectedly!
[2022, 5, 11, 9, 46, 47] ::: plugin.blowingsnow.run(); module 'api.blowingsnow' has no attribute 'run'
[2022, 5, 11, 9, 46, 47] ::: plugin.blowingsnow.run(); File Closed Unexpectedly!
[2022, 5, 11, 9, 46, 47] ::: plugin.blowingsnow.run(); module 'api.blowingsnow' has no attribute 'run'
[2022, 5, 11, 9, 46, 48] ::: plugin.blowingsnow.run(); File Closed Unexpectedly!
[2022, 5, 11, 9, 46, 48] ::: plugin.blowingsnow.run(); module 'api.blowingsnow' has no attribute 'run'
[2022, 5, 11, 9, 46, 48] ::: plugin.blowingsnow.run(); File Closed Unexpectedly!
[2022, 5, 11, 9, 46, 48] ::: plugin.blowingsnow.run(); module 'api.blowingsnow' has no attribute 'run'
[2022, 5, 11, 9, 46, 48] ::: plugin.blowingsnow.run(); File Closed Unexpectedly!
[2022, 5, 11, 9, 46, 48] ::: plugin.blowingsnow.run(); module 'api.blowingsnow' has no attribute 'run'
[2022, 5, 11, 9, 46, 48] ::: plugin.blowingsnow.run(); File Closed Unexpectedly!
[2022, 5, 11, 9, 46, 49] ::: plugin.blowingsnow.run(); module 'api.blowingsnow' has no attribute 'run'
[2022, 5, 11, 9, 46, 49] ::: plugin.blowingsnow.run(); File Closed Unexpectedly!
[2022, 5, 11, 9, 46, 49] ::: plugin.blowingsnow.run(); module 'api.blowingsnow' has no attribute 'run'
[2022, 5, 11, 9, 46, 49] ::: plugin.blowingsnow.run(); File Closed Unexpectedly!
[2022, 5, 11, 9, 46, 49] ::: plugin.blowingsnow.run(); module 'api.blowingsnow' has no attribute 'run'
[2022, 5, 11, 9, 46, 50] ::: plugin.blowingsnow.run(); File Closed Unexpectedly!
[2022, 5, 11, 9, 46, 50] ::: plugin.blowingsnow.run(); module 'api.blowingsnow' has no attribute 'run'
[2022, 5, 11, 9, 46, 50] ::: plugin.blowingsnow.run(); File Closed Unexpectedly!
[2022, 5, 11, 9, 46, 50] ::: plugin.blowingsnow.run(); module 'api.blowingsnow' has no attribute 'run'
[2022, 5, 11, 9, 46, 50] ::: plugin.blowingsnow.run(); File Closed Unexpectedly!
[2022, 5, 11, 9, 46, 50] ::: plugin.blowingsnow.run(); module 'api.blowingsnow' has no attribute 'run'
[2022, 5, 11, 9, 46, 50] ::: plugin.blowingsnow.run(); File Closed Unexpectedly!
[2022, 5, 11, 9, 46, 51] ::: plugin.blowingsnow.run(); module 'api.blowingsnow' has no attribute 'run'
[2022, 5, 11, 9, 46, 51] ::: plugin.blowingsnow.run(); File Closed Unexpectedly!
[2022, 5, 11, 9, 46, 51] ::: plugin.blowingsnow.run(); module 'api.blowingsnow' has no attribute 'run'
[2022, 5, 11, 9, 46, 51] ::: plugin.blowingsnow.run(); File Closed Unexpectedly!
[2022, 5, 11, 9, 46, 51] ::: plugin.blowingsnow.run(); module 'api.blowingsnow' has no attribute 'run'
[2022, 5, 11, 9, 46, 52] ::: plugin.blowingsnow.run(); File Closed Unexpectedly!
[2022, 5, 11, 9, 46, 52] ::: plugin.blowingsnow.run(); module 'api.blowingsnow' has no attribute 'run'
[2022, 5, 11, 9, 46, 52] ::: plugin.blowingsnow.run(); File Closed Unexpectedly!
[2022, 5, 11, 9, 46, 52] ::: plugin.blowingsnow.run(); module 'api.blowingsnow' has no attribute 'run'
[2022, 5, 11, 9, 46, 52] ::: plugin.blowingsnow.run(); File Closed Unexpectedly!
[2022, 5, 11, 9, 46, 52] ::: plugin.blowingsnow.run(); module 'api.blowingsnow' has no attribute 'run'
[2022, 5, 11, 9, 46, 52] ::: plugin.blowingsnow.run(); File Closed Unexpectedly!
[2022, 5, 11, 9, 46, 53] ::: plugin.blowingsnow.run(); module 'api.blowingsnow' has no attribute 'run'
[2022, 5, 11, 9, 46, 53] ::: plugin.blowingsnow.run(); File Closed Unexpectedly!
[2022, 5, 11, 9, 46, 53] ::: plugin.blowingsnow.run(); module 'api.blowingsnow' has no attribute 'run'
[2022, 5, 11, 9, 46, 53] ::: plugin.blowingsnow.run(); File Closed Unexpectedly!
[2022, 5, 11, 9, 46, 53] ::: plugin.blowingsnow.run(); module 'api.blowingsnow' has no attribute 'run'
[2022, 5, 11, 9, 46, 53] ::: plugin.blowingsnow.run(); File Closed Unexpectedly!
[2022, 5, 11, 9, 46, 54] ::: plugin.blowingsnow.run(); module 'api.blowingsnow' has no attribute 'run'
[2022, 5, 11, 9, 46, 54] ::: plugin.blowingsnow.run(); File Closed Unexpectedly!
[2022, 5, 11, 9, 46, 54] ::: plugin.blowingsnow.run(); module 'api.blowingsnow' has no attribute 'run'
[2022, 5, 11, 9, 46, 54] ::: plugin.blowingsnow.run(); File Closed Unexpectedly!
[2022, 5, 11, 9, 46, 54] ::: plugin.blowingsnow.run(); module 'api.blowingsnow' has no attribute 'run'
[2022, 5, 11, 9, 46, 54] ::: plugin.blowingsnow.run(); File Closed Unexpectedly!
[2022, 5, 11, 9, 46, 55] ::: plugin.blowingsnow.run(); module 'api.blowingsnow' has no attribute 'run'
[2022, 5, 11, 9, 46, 55] ::: plugin.blowingsnow.run(); File Closed Unexpectedly!
[2022, 5, 11, 9, 46, 55] ::: plugin.blowingsnow.run(); module 'api.blowingsnow' has no attribute 'run'
[2022, 5, 11, 9, 46, 55] ::: plugin.blowingsnow.run(); File Closed Unexpectedly!
[2022, 5, 11, 9, 46, 55] ::: plugin.blowingsnow.run(); module 'api.blowingsnow' has no attribute 'run'
[2022, 5, 11, 9, 46, 55] ::: plugin.blowingsnow.run(); File Closed Unexpectedly!
[2022, 5, 11, 9, 46, 56] ::: plugin.blowingsnow.run(); module 'api.blowingsnow' has no attribute 'run'
[2022, 5, 11, 9, 46, 56] ::: plugin.blowingsnow.run(); File Closed Unexpectedly!
[2022, 5, 11, 9, 46, 56] ::: plugin.blowingsnow.run(); module 'api.blowingsnow' has no attribute 'run'
[2022, 5, 11, 9, 46, 56] ::: plugin.blowingsnow.run(); File Closed Unexpectedly!
[2022, 5, 11, 9, 46, 56] ::: plugin.blowingsnow.run(); module 'api.blowingsnow' has no attribute 'run'
[2022, 5, 11, 9, 46, 56] ::: plugin.blowingsnow.run(); File Closed Unexpectedly!
[2022, 5, 11, 9, 46, 57] ::: plugin.blowingsnow.run(); module 'api.blowingsnow' has no attribute 'run'
[2022, 5, 11, 9, 46, 57] ::: plugin.blowingsnow.run(); File Closed Unexpectedly!
[2022, 5, 11, 9, 46, 57] ::: plugin.blowingsnow.run(); module 'api.blowingsnow' has no attribute 'run'
[2022, 5, 11, 9, 46, 57] ::: plugin.blowingsnow.run(); File Closed Unexpectedly!
[2022, 5, 11, 9, 46, 57] ::: plugin.blowingsnow.run(); module 'api.blowingsnow' has no attribute 'run'
[2022, 5, 11, 9, 46, 57] ::: plugin.blowingsnow.run(); File Closed Unexpectedly!
[2022, 5, 11, 9, 46, 57] ::: plugin.blowingsnow.run(); module 'api.blowingsnow' has no attribute 'run'
[2022, 5, 11, 9, 46, 57] ::: plugin.blowingsnow.run(); File Closed Unexpectedly!
[2022, 5, 11, 9, 46, 58] ::: plugin.blowingsnow.run(); module 'api.blowingsnow' has no attribute 'run'
[2022, 5, 11, 9, 46, 58] ::: plugin.blowingsnow.run(); File Closed Unexpectedly!
[2022, 5, 11, 9, 46, 58] ::: plugin.blowingsnow.run(); module 'api.blowingsnow' has no attribute 'run'
[2022, 5, 11, 9, 46, 58] ::: plugin.blowingsnow.run(); File Closed Unexpectedly!
[2022, 5, 11, 9, 46, 58] ::: plugin.blowingsnow.run(); module 'api.blowingsnow' has no attribute 'run'
[2022, 5, 11, 9, 46, 58] ::: plugin.blowingsnow.run(); File Closed Unexpectedly!
[2022, 5, 11, 9, 46, 58] ::: plugin.blowingsnow.run(); module 'api.blowingsnow' has no attribute 'run'
[2022, 5, 11, 9, 46, 59] ::: plugin.blowingsnow.run(); File Closed Unexpectedly!
[2022, 5, 11, 9, 46, 59] ::: plugin.blowingsnow.run(); module 'api.blowingsnow' has no attribute 'run'
[2022, 5, 11, 9, 46, 59] ::: plugin.blowingsnow.run(); File Closed Unexpectedly!
[2022, 5, 11, 9, 46, 59] ::: plugin.blowingsnow.run(); module 'api.blowingsnow' has no attribute 'run'
[2022, 5, 11, 9, 46, 59] ::: plugin.blowingsnow.run(); File Closed Unexpectedly!
[2022, 5, 11, 9, 46, 59] ::: plugin.blowingsnow.run(); module 'api.blowingsnow' has no attribute 'run'
[2022, 5, 11, 9, 46, 59] ::: plugin.blowingsnow.run(); File Closed Unexpectedly!
[2022, 5, 11, 9, 47, 0] ::: plugin.blowingsnow.run(); module 'api.blowingsnow' has no attribute 'run'
[2022, 5, 11, 9, 47, 0] ::: plugin.blowingsnow.run(); File Closed Unexpectedly!
[2022, 5, 11, 9, 47, 0] ::: plugin.blowingsnow.run(); module 'api.blowingsnow' has no attribute 'run'
[2022, 5, 11, 9, 47, 0] ::: plugin.blowingsnow.run(); File Closed Unexpectedly!
[2022, 5, 11, 9, 47, 0] ::: plugin.blowingsnow.run(); module 'api.blowingsnow' has no attribute 'run'
[2022, 5, 11, 9, 47, 0] ::: plugin.blowingsnow.run(); File Closed Unexpectedly!
[2022, 5, 11, 9, 47, 34] ::: plugin.blowingsnow.run(); can only concatenate str (not "int") to str
[2022, 5, 11, 9, 47, 34] ::: plugin.blowingsnow.run(); File Closed Unexpectedly!
[2022, 5, 11, 9, 47, 36] ::: plugin.blowingsnow.run(); can only concatenate str (not "int") to str
[2022, 5, 11, 9, 47, 36] ::: plugin.blowingsnow.run(); File Closed Unexpectedly!
[2022, 5, 11, 9, 47, 38] ::: plugin.blowingsnow.run(); can only concatenate str (not "int") to str
[2022, 5, 11, 9, 47, 38] ::: plugin.blowingsnow.run(); File Closed Unexpectedly!
[2022, 5, 11, 9, 47, 40] ::: plugin.blowingsnow.run(); can only concatenate str (not "int") to str
[2022, 5, 11, 9, 47, 40] ::: plugin.blowingsnow.run(); File Closed Unexpectedly!
[2022, 5, 11, 9, 47, 42] ::: plugin.blowingsnow.run(); can only concatenate str (not "int") to str
[2022, 5, 11, 9, 47, 43] ::: plugin.blowingsnow.run(); File Closed Unexpectedly!
[2022, 5, 11, 9, 47, 45] ::: plugin.blowingsnow.run(); can only concatenate str (not "int") to str
[2022, 5, 11, 9, 47, 45] ::: plugin.blowingsnow.run(); File Closed Unexpectedly!
[2022, 5, 11, 9, 47, 47] ::: plugin.blowingsnow.run(); can only concatenate str (not "int") to str
[2022, 5, 11, 9, 47, 47] ::: plugin.blowingsnow.run(); File Closed Unexpectedly!
[2022, 5, 11, 9, 47, 49] ::: plugin.blowingsnow.run(); can only concatenate str (not "int") to str
[2022, 5, 11, 9, 47, 49] ::: plugin.blowingsnow.run(); File Closed Unexpectedly!
[2022, 5, 11, 9, 47, 51] ::: plugin.blowingsnow.run(); can only concatenate str (not "int") to str
[2022, 5, 11, 9, 47, 51] ::: plugin.blowingsnow.run(); File Closed Unexpectedly!
[2022, 5, 11, 9, 47, 53] ::: plugin.blowingsnow.run(); can only concatenate str (not "int") to str
[2022, 5, 11, 9, 47, 54] ::: plugin.blowingsnow.run(); File Closed Unexpectedly!
[2022, 5, 11, 9, 47, 56] ::: plugin.blowingsnow.run(); can only concatenate str (not "int") to str
[2022, 5, 11, 9, 47, 56] ::: plugin.blowingsnow.run(); File Closed Unexpectedly!
[2022, 5, 11, 9, 47, 58] ::: plugin.blowingsnow.run(); can only concatenate str (not "int") to str
[2022, 5, 11, 9, 47, 58] ::: plugin.blowingsnow.run(); File Closed Unexpectedly!
[2022, 5, 11, 9, 48, 0] ::: plugin.blowingsnow.run(); can only concatenate str (not "int") to str
[2022, 5, 11, 9, 48, 0] ::: plugin.blowingsnow.run(); File Closed Unexpectedly!
[2022, 5, 11, 9, 48, 2] ::: plugin.blowingsnow.run(); can only concatenate str (not "int") to str
[2022, 5, 11, 9, 48, 2] ::: plugin.blowingsnow.run(); File Closed Unexpectedly!
[2022, 5, 11, 9, 48, 4] ::: plugin.blowingsnow.run(); can only concatenate str (not "int") to str
[2022, 5, 11, 9, 48, 4] ::: plugin.blowingsnow.run(); File Closed Unexpectedly!
[2022, 5, 11, 9, 48, 6] ::: plugin.blowingsnow.run(); can only concatenate str (not "int") to str
[2022, 5, 11, 9, 48, 7] ::: plugin.blowingsnow.run(); File Closed Unexpectedly!
[2022, 5, 11, 9, 48, 8] ::: plugin.blowingsnow.run(); can only concatenate str (not "int") to str
[2022, 5, 11, 9, 48, 9] ::: plugin.blowingsnow.run(); File Closed Unexpectedly!
[2022, 5, 11, 9, 48, 11] ::: plugin.blowingsnow.run(); can only concatenate str (not "int") to str
[2022, 5, 11, 9, 48, 11] ::: plugin.blowingsnow.run(); File Closed Unexpectedly!
[2022, 5, 11, 9, 48, 13] ::: plugin.blowingsnow.run(); can only concatenate str (not "int") to str
[2022, 5, 11, 9, 48, 13] ::: plugin.blowingsnow.run(); File Closed Unexpectedly!
[2022, 5, 11, 9, 48, 15] ::: plugin.blowingsnow.run(); can only concatenate str (not "int") to str
[2022, 5, 11, 9, 48, 15] ::: plugin.blowingsnow.run(); File Closed Unexpectedly!
[2022, 5, 11, 9, 48, 17] ::: plugin.blowingsnow.run(); can only concatenate str (not "int") to str
[2022, 5, 11, 9, 48, 17] ::: plugin.blowingsnow.run(); File Closed Unexpectedly!
[2022, 5, 11, 9, 48, 19] ::: plugin.blowingsnow.run(); can only concatenate str (not "int") to str
[2022, 5, 11, 9, 48, 20] ::: plugin.blowingsnow.run(); File Closed Unexpectedly!
[2022, 5, 11, 9, 48, 22] ::: plugin.blowingsnow.run(); can only concatenate str (not "int") to str
[2022, 5, 11, 9, 48, 22] ::: plugin.blowingsnow.run(); File Closed Unexpectedly!
[2022, 5, 11, 9, 48, 24] ::: plugin.blowingsnow.run(); can only concatenate str (not "int") to str
[2022, 5, 11, 9, 48, 24] ::: plugin.blowingsnow.run(); File Closed Unexpectedly!
[2022, 5, 11, 9, 48, 26] ::: plugin.blowingsnow.run(); can only concatenate str (not "int") to str
[2022, 5, 11, 9, 48, 26] ::: plugin.blowingsnow.run(); File Closed Unexpectedly!
[2022, 5, 11, 9, 48, 28] ::: plugin.blowingsnow.run(); can only concatenate str (not "int") to str
[2022, 5, 11, 9, 48, 28] ::: plugin.blowingsnow.run(); File Closed Unexpectedly!
[2022, 5, 11, 9, 48, 30] ::: plugin.blowingsnow.run(); can only concatenate str (not "int") to str
[2022, 5, 11, 9, 48, 30] ::: plugin.blowingsnow.run(); File Closed Unexpectedly!
[2022, 5, 11, 9, 48, 32] ::: plugin.blowingsnow.run(); can only concatenate str (not "int") to str
[2022, 5, 11, 9, 48, 32] ::: plugin.blowingsnow.run(); File Closed Unexpectedly!
[2022, 5, 11, 11, 51, 40] ::: plugin.blowingsnow.run(); unsupported operand type(s) for +: 'float' and 'str'
[2022, 5, 11, 11, 51, 41] ::: plugin.blowingsnow.run(); File Closed Unexpectedly!
[2022, 5, 11, 12, 1, 14] ::: plugin.blowingsnow.run(); unsupported operand type(s) for +: 'float' and 'str'
[2022, 5, 11, 12, 1, 14] ::: plugin.blowingsnow.run(); File Closed Unexpectedly!
[2022, 5, 11, 12, 1, 16] ::: plugin.blowingsnow.run(); unsupported operand type(s) for +: 'float' and 'str'
[2022, 5, 11, 12, 1, 16] ::: plugin.blowingsnow.run(); File Closed Unexpectedly!
[2022, 5, 11, 12, 24, 9] ::: plugin.blowingsnow.run(); unsupported operand type(s) for +: 'float' and 'str'
[2022, 5, 11, 12, 24, 9] ::: plugin.blowingsnow.run(); File Closed Unexpectedly!
[2022, 5, 11, 12, 27, 27] ::: plugin.blowingsnow.run(); unsupported operand type(s) for +: 'float' and 'str'
[2022, 5, 11, 12, 27, 27] ::: plugin.blowingsnow.run(); File Closed Unexpectedly!
[2022, 5, 11, 12, 27, 29] ::: plugin.blowingsnow.run(); unsupported operand type(s) for +: 'float' and 'str'
[2022, 5, 11, 12, 27, 30] ::: plugin.blowingsnow.run(); File Closed Unexpectedly!
[2022, 5, 11, 12, 34, 3] ::: plugin.blowingsnow.run(); unsupported operand type(s) for +: 'float' and 'str'
[2022, 5, 11, 12, 34, 4] ::: plugin.blowingsnow.run(); File Closed Unexpectedly!
[2022, 5, 11, 12, 34, 5] ::: plugin.blowingsnow.run(); unsupported operand type(s) for +: 'float' and 'str'
[2022, 5, 11, 12, 34, 6] ::: plugin.blowingsnow.run(); File Closed Unexpectedly!
[2022, 5, 11, 12, 34, 8] ::: plugin.blowingsnow.run(); unsupported operand type(s) for +: 'float' and 'str'
[2022, 5, 11, 12, 34, 8] ::: plugin.blowingsnow.run(); File Closed Unexpectedly!
[2022, 5, 11, 12, 40, 41] ::: plugin.blowingsnow.run(); unsupported operand type(s) for +: 'float' and 'str'
[2022, 5, 11, 12, 40, 42] ::: plugin.blowingsnow.run(); File Closed Unexpectedly!
[2022, 5, 11, 12, 40, 44] ::: plugin.blowingsnow.run(); unsupported operand type(s) for +: 'float' and 'str'
[2022, 5, 11, 12, 40, 44] ::: plugin.blowingsnow.run(); File Closed Unexpectedly!
[2022, 5, 11, 12, 40, 46] ::: plugin.blowingsnow.run(); unsupported operand type(s) for +: 'float' and 'str'
[2022, 5, 11, 12, 40, 46] ::: plugin.blowingsnow.run(); File Closed Unexpectedly!
[2022, 5, 11, 12, 47, 19] ::: plugin.blowingsnow.run(); unsupported operand type(s) for +: 'float' and 'str'
[2022, 5, 11, 12, 47, 20] ::: plugin.blowingsnow.run(); File Closed Unexpectedly!
[2022, 5, 11, 12, 47, 22] ::: plugin.blowingsnow.run(); unsupported operand type(s) for +: 'float' and 'str'
[2022, 5, 11, 12, 47, 22] ::: plugin.blowingsnow.run(); File Closed Unexpectedly!
[2022, 5, 11, 12, 47, 24] ::: plugin.blowingsnow.run(); unsupported operand type(s) for +: 'float' and 'str'
[2022, 5, 11, 12, 47, 24] ::: plugin.blowingsnow.run(); File Closed Unexpectedly!
[2022, 5, 11, 12, 47, 26] ::: plugin.blowingsnow.run(); unsupported operand type(s) for +: 'float' and 'str'
[2022, 5, 11, 12, 47, 26] ::: plugin.blowingsnow.run(); File Closed Unexpectedly!
[2022, 5, 11, 12, 47, 29] ::: plugin.blowingsnow.run(); unsupported operand type(s) for +: 'float' and 'str'
[2022, 5, 11, 12, 47, 29] ::: plugin.blowingsnow.run(); File Closed Unexpectedly!
[2022, 5, 11, 12, 47, 31] ::: plugin.blowingsnow.run(); unsupported operand type(s) for +: 'float' and 'str'
[2022, 5, 11, 12, 47, 31] ::: plugin.blowingsnow.run(); File Closed Unexpectedly!
[2022, 5, 11, 12, 47, 33] ::: plugin.blowingsnow.run(); unsupported operand type(s) for +: 'float' and 'str'
[2022, 5, 11, 12, 47, 33] ::: plugin.blowingsnow.run(); File Closed Unexpectedly!
[2022, 5, 12, 11, 7, 4] ::: plugin.blowingsnow.run(); 'int' object has no attribute 'find'
[2022, 5, 12, 11, 7, 5] ::: plugin.blowingsnow.run(); File Closed Unexpectedly!
[2022, 5, 12, 20, 28, 58] ::: plugin.blowingsnow.run(); 'int' object has no attribute 'find'
[2022, 5, 12, 20, 28, 58] ::: plugin.blowingsnow.run(); File Closed Unexpectedly!