
[2022, 5, 12, 13, 23, 42] ::: plugin.whitenoise.run(); list index out of range
[2022, 5, 12, 13, 23, 42] ::: plugin.whitenoise.run(); File Closed Unexpectedly!
[2022, 5, 12, 13, 23, 42] ::: plugin.whitenoise.run(); list index out of range
[2022, 5, 12, 13, 23, 42] ::: plugin.whitenoise.run(); File Closed Unexpectedly!
[2022, 5, 12, 13, 23, 43] ::: plugin.whitenoise.run(); list index out of range
[2022, 5, 12, 13, 23, 43] ::: plugin.whitenoise.run(); File Closed Unexpectedly!
[2022, 5, 12, 13, 23, 44] ::: plugin.whitenoise.run(); list index out of range
[2022, 5, 12, 13, 23, 44] ::: plugin.whitenoise.run(); File Closed Unexpectedly!
[2022, 5, 12, 13, 23, 44] ::: plugin.whitenoise.run(); list index out of range
[2022, 5, 12, 13, 23, 44] ::: plugin.whitenoise.run(); File Closed Unexpectedly!
[2022, 5, 12, 13, 23, 45] ::: plugin.whitenoise.run(); list index out of range
[2022, 5, 12, 13, 23, 45] ::: plugin.whitenoise.run(); File Closed Unexpectedly!
[2022, 5, 12, 13, 23, 46] ::: plugin.whitenoise.run(); list index out of range
[2022, 5, 12, 13, 23, 46] ::: plugin.whitenoise.run(); File Closed Unexpectedly!
[2022, 5, 12, 13, 23, 46] ::: plugin.whitenoise.run(); list index out of range
[2022, 5, 12, 13, 23, 47] ::: plugin.whitenoise.run(); File Closed Unexpectedly!
[2022, 5, 12, 13, 23, 47] ::: plugin.whitenoise.run(); list index out of range
[2022, 5, 12, 13, 23, 47] ::: plugin.whitenoise.run(); File Closed Unexpectedly!
[2022, 5, 12, 13, 23, 48] ::: plugin.whitenoise.run(); list index out of range
[2022, 5, 12, 13, 23, 48] ::: plugin.whitenoise.run(); File Closed Unexpectedly!
[2022, 5, 12, 13, 23, 48] ::: plugin.whitenoise.run(); list index out of range
[2022, 5, 12, 13, 23, 49] ::: plugin.whitenoise.run(); File Closed Unexpectedly!
[2022, 5, 12, 13, 23, 49] ::: plugin.whitenoise.run(); list index out of range
[2022, 5, 12, 13, 23, 49] ::: plugin.whitenoise.run(); File Closed Unexpectedly!
[2022, 5, 12, 13, 23, 50] ::: plugin.whitenoise.run(); list index out of range
[2022, 5, 12, 13, 23, 50] ::: plugin.whitenoise.run(); File Closed Unexpectedly!
[2022, 5, 12, 13, 23, 51] ::: plugin.whitenoise.run(); list index out of range
[2022, 5, 12, 13, 23, 51] ::: plugin.whitenoise.run(); File Closed Unexpectedly!
[2022, 5, 12, 13, 23, 51] ::: plugin.whitenoise.run(); list index out of range
[2022, 5, 12, 13, 23, 51] ::: plugin.whitenoise.run(); File Closed Unexpectedly!
[2022, 5, 12, 13, 23, 52] ::: plugin.whitenoise.run(); list index out of range
[2022, 5, 12, 13, 23, 52] ::: plugin.whitenoise.run(); File Closed Unexpectedly!
[2022, 5, 12, 13, 23, 53] ::: plugin.whitenoise.run(); list index out of range
[2022, 5, 12, 13, 23, 53] ::: plugin.whitenoise.run(); File Closed Unexpectedly!
[2022, 5, 12, 13, 23, 53] ::: plugin.whitenoise.run(); list index out of range
[2022, 5, 12, 13, 23, 53] ::: plugin.whitenoise.run(); File Closed Unexpectedly!
[2022, 5, 12, 13, 23, 54] ::: plugin.whitenoise.run(); list index out of range
[2022, 5, 12, 13, 23, 54] ::: plugin.whitenoise.run(); File Closed Unexpectedly!
[2022, 5, 12, 13, 23, 55] ::: plugin.whitenoise.run(); list index out of range
[2022, 5, 12, 13, 23, 55] ::: plugin.whitenoise.run(); File Closed Unexpectedly!
[2022, 5, 12, 13, 23, 56] ::: plugin.whitenoise.run(); list index out of range
[2022, 5, 12, 13, 23, 56] ::: plugin.whitenoise.run(); File Closed Unexpectedly!
[2022, 5, 12, 13, 23, 56] ::: plugin.whitenoise.run(); list index out of range
[2022, 5, 12, 13, 23, 56] ::: plugin.whitenoise.run(); File Closed Unexpectedly!
[2022, 5, 12, 13, 23, 57] ::: plugin.whitenoise.run(); list index out of range
[2022, 5, 12, 13, 23, 57] ::: plugin.whitenoise.run(); File Closed Unexpectedly!
[2022, 5, 12, 13, 23, 57] ::: plugin.whitenoise.run(); list index out of range
[2022, 5, 12, 13, 23, 58] ::: plugin.whitenoise.run(); File Closed Unexpectedly!
[2022, 5, 12, 13, 23, 58] ::: plugin.whitenoise.run(); list index out of range
[2022, 5, 12, 13, 23, 58] ::: plugin.whitenoise.run(); File Closed Unexpectedly!
[2022, 5, 12, 13, 23, 59] ::: plugin.whitenoise.run(); list index out of range
[2022, 5, 12, 13, 23, 59] ::: plugin.whitenoise.run(); File Closed Unexpectedly!
[2022, 5, 12, 13, 23, 59] ::: plugin.whitenoise.run(); list index out of range
[2022, 5, 12, 13, 23, 59] ::: plugin.whitenoise.run(); File Closed Unexpectedly!
[2022, 5, 12, 13, 24, 0] ::: plugin.whitenoise.run(); list index out of range
[2022, 5, 12, 13, 24, 0] ::: plugin.whitenoise.run(); File Closed Unexpectedly!
[2022, 5, 12, 13, 24, 1] ::: plugin.whitenoise.run(); list index out of range
[2022, 5, 12, 13, 24, 1] ::: plugin.whitenoise.run(); File Closed Unexpectedly!
[2022, 5, 12, 13, 24, 1] ::: plugin.whitenoise.run(); list index out of range
[2022, 5, 12, 13, 24, 2] ::: plugin.whitenoise.run(); File Closed Unexpectedly!
[2022, 5, 12, 13, 24, 2] ::: plugin.whitenoise.run(); list index out of range
[2022, 5, 12, 13, 24, 2] ::: plugin.whitenoise.run(); File Closed Unexpectedly!
[2022, 5, 12, 13, 24, 3] ::: plugin.whitenoise.run(); list index out of range
[2022, 5, 12, 13, 24, 3] ::: plugin.whitenoise.run(); File Closed Unexpectedly!
[2022, 5, 12, 13, 24, 3] ::: plugin.whitenoise.run(); list index out of range
[2022, 5, 12, 13, 24, 4] ::: plugin.whitenoise.run(); File Closed Unexpectedly!
[2022, 5, 12, 13, 24, 4] ::: plugin.whitenoise.run(); list index out of range
[2022, 5, 12, 13, 24, 4] ::: plugin.whitenoise.run(); File Closed Unexpectedly!
[2022, 5, 12, 13, 24, 5] ::: plugin.whitenoise.run(); list index out of range
[2022, 5, 12, 13, 24, 5] ::: plugin.whitenoise.run(); File Closed Unexpectedly!
[2022, 5, 12, 13, 24, 5] ::: plugin.whitenoise.run(); list index out of range
[2022, 5, 12, 13, 24, 6] ::: plugin.whitenoise.run(); File Closed Unexpectedly!
[2022, 5, 12, 13, 24, 6] ::: plugin.whitenoise.run(); list index out of range
[2022, 5, 12, 13, 24, 6] ::: plugin.whitenoise.run(); File Closed Unexpectedly!
[2022, 5, 12, 13, 24, 7] ::: plugin.whitenoise.run(); list index out of range
[2022, 5, 12, 13, 24, 7] ::: plugin.whitenoise.run(); File Closed Unexpectedly!
[2022, 5, 12, 13, 24, 8] ::: plugin.whitenoise.run(); list index out of range
[2022, 5, 12, 13, 24, 8] ::: plugin.whitenoise.run(); File Closed Unexpectedly!
[2022, 5, 12, 13, 24, 8] ::: plugin.whitenoise.run(); list index out of range
[2022, 5, 12, 13, 24, 8] ::: plugin.whitenoise.run(); File Closed Unexpectedly!
[2022, 5, 12, 13, 24, 9] ::: plugin.whitenoise.run(); list index out of range
[2022, 5, 12, 13, 24, 9] ::: plugin.whitenoise.run(); File Closed Unexpectedly!
[2022, 5, 12, 13, 24, 10] ::: plugin.whitenoise.run(); list index out of range
[2022, 5, 12, 13, 24, 10] ::: plugin.whitenoise.run(); File Closed Unexpectedly!
[2022, 5, 12, 13, 24, 10] ::: plugin.whitenoise.run(); list index out of range
[2022, 5, 12, 13, 24, 10] ::: plugin.whitenoise.run(); File Closed Unexpectedly!
[2022, 5, 12, 13, 24, 11] ::: plugin.whitenoise.run(); list index out of range
[2022, 5, 12, 13, 24, 11] ::: plugin.whitenoise.run(); File Closed Unexpectedly!
[2022, 5, 12, 13, 24, 12] ::: plugin.whitenoise.run(); list index out of range
[2022, 5, 12, 13, 24, 12] ::: plugin.whitenoise.run(); File Closed Unexpectedly!
[2022, 5, 12, 13, 24, 12] ::: plugin.whitenoise.run(); list index out of range
[2022, 5, 12, 13, 24, 13] ::: plugin.whitenoise.run(); File Closed Unexpectedly!
[2022, 5, 12, 13, 24, 13] ::: plugin.whitenoise.run(); list index out of range
[2022, 5, 12, 13, 24, 13] ::: plugin.whitenoise.run(); File Closed Unexpectedly!
[2022, 5, 12, 13, 24, 14] ::: plugin.whitenoise.run(); list index out of range
[2022, 5, 12, 13, 24, 14] ::: plugin.whitenoise.run(); File Closed Unexpectedly!
[2022, 5, 12, 13, 24, 14] ::: plugin.whitenoise.run(); list index out of range
[2022, 5, 12, 13, 24, 15] ::: plugin.whitenoise.run(); File Closed Unexpectedly!
[2022, 5, 12, 13, 24, 15] ::: plugin.whitenoise.run(); list index out of range
[2022, 5, 12, 13, 24, 15] ::: plugin.whitenoise.run(); File Closed Unexpectedly!
[2022, 5, 12, 13, 24, 16] ::: plugin.whitenoise.run(); list index out of range
[2022, 5, 12, 13, 24, 16] ::: plugin.whitenoise.run(); File Closed Unexpectedly!
[2022, 5, 12, 13, 24, 16] ::: plugin.whitenoise.run(); list index out of range
[2022, 5, 12, 13, 24, 17] ::: plugin.whitenoise.run(); File Closed Unexpectedly!
[2022, 5, 12, 13, 24, 17] ::: plugin.whitenoise.run(); list index out of range
[2022, 5, 12, 13, 24, 17] ::: plugin.whitenoise.run(); File Closed Unexpectedly!
[2022, 5, 12, 13, 24, 18] ::: plugin.whitenoise.run(); list index out of range
[2022, 5, 12, 13, 24, 18] ::: plugin.whitenoise.run(); File Closed Unexpectedly!
[2022, 5, 12, 13, 24, 19] ::: plugin.whitenoise.run(); list index out of range
[2022, 5, 12, 13, 24, 19] ::: plugin.whitenoise.run(); File Closed Unexpectedly!
[2022, 5, 12, 13, 24, 19] ::: plugin.whitenoise.run(); list index out of range
[2022, 5, 12, 13, 24, 19] ::: plugin.whitenoise.run(); File Closed Unexpectedly!
[2022, 5, 12, 13, 24, 20] ::: plugin.whitenoise.run(); list index out of range
[2022, 5, 12, 13, 24, 20] ::: plugin.whitenoise.run(); File Closed Unexpectedly!
[2022, 5, 12, 13, 24, 21] ::: plugin.whitenoise.run(); list index out of range
[2022, 5, 12, 13, 24, 21] ::: plugin.whitenoise.run(); File Closed Unexpectedly!
[2022, 5, 12, 13, 24, 21] ::: plugin.whitenoise.run(); list index out of range
[2022, 5, 12, 13, 24, 21] ::: plugin.whitenoise.run(); File Closed Unexpectedly!
[2022, 5, 12, 13, 24, 22] ::: plugin.whitenoise.run(); list index out of range
[2022, 5, 12, 13, 24, 22] ::: plugin.whitenoise.run(); File Closed Unexpectedly!
[2022, 5, 12, 13, 24, 23] ::: plugin.whitenoise.run(); list index out of range
[2022, 5, 12, 13, 24, 23] ::: plugin.whitenoise.run(); File Closed Unexpectedly!